<?xml version="1.0" encoding="UTF-8"?>
<testng-results ignored="0" total="1" passed="1" failed="0" skipped="0">
  <reporter-output>
  </reporter-output>
  <suite started-at="2026-05-02T22:07:16 IST" name="Suite" finished-at="2026-05-02T22:07:18 IST" duration-ms="2401">
    <groups>
    </groups>
    <test started-at="2026-05-02T22:07:16 IST" name="Test" finished-at="2026-05-02T22:07:18 IST" duration-ms="2401">
      <class name="TestClass.SImpleCode">
        <test-method signature="openGoogle()[pri:0, instance:TestClass.SImpleCode@a514af7]" started-at="2026-05-02T22:07:16 IST" name="openGoogle" finished-at="2026-05-02T22:07:18 IST" duration-ms="2366" status="PASS">
          <reporter-output>
          </reporter-output>
        </test-method> <!-- openGoogle -->
      </class> <!-- TestClass.SImpleCode -->
    </test> <!-- Test -->
  </suite> <!-- Suite -->
</testng-results>
